app/build/intermediates/manifest_merge_blame_file/debug/manifest-merger-blame-debug-report.txt
1<?xml version="1.0" encoding="utf-8"?>
2<manifest xmlns:android="http://schemas.android.com/apk/res/android"
3    package="ru.worldskills.nnapp"
4    android:versionCode="1"
5    android:versionName="1.0" >
6
7    <uses-sdk
8        android:minSdkVersion="16"
8-->src\main\AndroidManifest.xml
9        android:targetSdkVersion="28" />
9-->src\main\AndroidManifest.xml
10
11    <uses-permission android:name="android.permission.ACCESS_NETWORK_STATE" />
11-->[com.google.firebase:firebase-database:16.0.4] AndroidManifest.xml:22:5-79
11-->[com.google.firebase:firebase-database:16.0.4] AndroidManifest.xml:22:22-76
12    <uses-permission android:name="android.permission.INTERNET" />
12-->[com.google.firebase:firebase-database:16.0.4] AndroidManifest.xml:23:5-67
12-->[com.google.firebase:firebase-database:16.0.4] AndroidManifest.xml:23:22-64
13
14    <application
14-->src\main\AndroidManifest.xml:5:5-25:19
15        android:allowBackup="true"
15-->src\main\AndroidManifest.xml:6:9-35
16        android:appComponentFactory="androidx.core.app.CoreComponentFactory"
16-->[androidx.core:core:1.0.1] AndroidManifest.xml:22:18-86
17        android:debuggable="true"
18        android:icon="@mipmap/ic_launcher"
18-->src\main\AndroidManifest.xml:7:9-43
19        android:label="@string/app_name"
19-->src\main\AndroidManifest.xml:8:9-41
20        android:roundIcon="@mipmap/ic_launcher_round"
20-->src\main\AndroidManifest.xml:9:9-54
21        android:supportsRtl="true"
21-->src\main\AndroidManifest.xml:10:9-35
22        android:testOnly="true"
23        android:theme="@style/AppTheme" >
23-->src\main\AndroidManifest.xml:11:9-40
24        <activity android:name="ru.worldskills.nnapp.ChatActivity" />
24-->src\main\AndroidManifest.xml:12:9-59
24-->src\main\AndroidManifest.xml:12:19-47
25        <activity android:name="ru.worldskills.nnapp.PeopleListActivity" />
25-->src\main\AndroidManifest.xml:13:9-56
25-->src\main\AndroidManifest.xml:13:19-53
26        <activity android:name="ru.worldskills.nnapp.ndetails" />
26-->src\main\AndroidManifest.xml:14:9-46
26-->src\main\AndroidManifest.xml:14:19-43
27        <activity android:name="ru.worldskills.nnapp.Main3Activity" />
27-->src\main\AndroidManifest.xml:15:9-51
27-->src\main\AndroidManifest.xml:15:19-48
28        <activity android:name="ru.worldskills.nnapp.ProfileActivity" />
28-->src\main\AndroidManifest.xml:16:9-53
28-->src\main\AndroidManifest.xml:16:19-50
29        <activity android:name="ru.worldskills.nnapp.Main2Activity" />
29-->src\main\AndroidManifest.xml:17:9-51
29-->src\main\AndroidManifest.xml:17:19-48
30        <activity android:name="ru.worldskills.nnapp.MainActivity" >
30-->src\main\AndroidManifest.xml:18:9-24:20
30-->src\main\AndroidManifest.xml:18:19-47
31            <intent-filter>
31-->src\main\AndroidManifest.xml:19:13-23:29
32                <action android:name="android.intent.action.MAIN" />
32-->src\main\AndroidManifest.xml:20:17-69
32-->src\main\AndroidManifest.xml:20:25-66
33
34                <category android:name="android.intent.category.LAUNCHER" />
34-->src\main\AndroidManifest.xml:22:17-77
34-->src\main\AndroidManifest.xml:22:27-74
35            </intent-filter>
36        </activity>
37        <activity
37-->[com.google.firebase:firebase-auth:16.0.5] AndroidManifest.xml:24:9-31:50
38            android:name="com.google.firebase.auth.internal.FederatedSignInActivity"
38-->[com.google.firebase:firebase-auth:16.0.5] AndroidManifest.xml:25:13-85
39            android:excludeFromRecents="true"
39-->[com.google.firebase:firebase-auth:16.0.5] AndroidManifest.xml:26:13-46
40            android:exported="true"
40-->[com.google.firebase:firebase-auth:16.0.5] AndroidManifest.xml:27:13-36
41            android:launchMode="singleTask"
41-->[com.google.firebase:firebase-auth:16.0.5] AndroidManifest.xml:28:13-44
42            android:permission="com.google.firebase.auth.api.gms.permission.LAUNCH_FEDERATED_SIGN_IN"
42-->[com.google.firebase:firebase-auth:16.0.5] AndroidManifest.xml:29:13-102
43            android:theme="@android:style/Theme.Translucent.NoTitleBar" />
43-->[com.google.firebase:firebase-auth:16.0.5] AndroidManifest.xml:30:13-72
44
45        <service
45-->[com.google.firebase:firebase-auth:16.0.5] AndroidManifest.xml:33:9-39:19
46            android:name="com.google.firebase.components.ComponentDiscoveryService"
46-->[com.google.firebase:firebase-auth:16.0.5] AndroidManifest.xml:34:13-84
47            android:exported="false" >
47-->[com.google.firebase:firebase-auth:16.0.5] AndroidManifest.xml:35:13-37
48            <meta-data
48-->[com.google.firebase:firebase-auth:16.0.5] AndroidManifest.xml:36:13-38:85
49                android:name="com.google.firebase.components:com.google.firebase.auth.FirebaseAuthRegistrar"
49-->[com.google.firebase:firebase-auth:16.0.5] AndroidManifest.xml:37:17-109
50                android:value="com.google.firebase.components.ComponentRegistrar" />
50-->[com.google.firebase:firebase-auth:16.0.5] AndroidManifest.xml:38:17-82
51        </service>
52
53        <provider
53-->[com.squareup.picasso:picasso:2.71828] AndroidManifest.xml:8:9-11:40
54            android:name="com.squareup.picasso.PicassoProvider"
54-->[com.squareup.picasso:picasso:2.71828] AndroidManifest.xml:9:13-64
55            android:authorities="ru.worldskills.nnapp.com.squareup.picasso"
55-->[com.squareup.picasso:picasso:2.71828] AndroidManifest.xml:10:13-72
56            android:exported="false" />
56-->[com.squareup.picasso:picasso:2.71828] AndroidManifest.xml:11:13-37
57
58        <activity
58-->[com.google.android.gms:play-services-base:16.0.1] AndroidManifest.xml:23:9-26:75
59            android:name="com.google.android.gms.common.api.GoogleApiActivity"
59-->[com.google.android.gms:play-services-base:16.0.1] AndroidManifest.xml:24:13-79
60            android:exported="false"
60-->[com.google.android.gms:play-services-base:16.0.1] AndroidManifest.xml:25:13-37
61            android:theme="@android:style/Theme.Translucent.NoTitleBar" />
61-->[com.google.android.gms:play-services-base:16.0.1] AndroidManifest.xml:26:13-72
62
63        <provider
63-->[com.google.firebase:firebase-common:16.0.3] AndroidManifest.xml:10:9-14:39
64            android:name="com.google.firebase.provider.FirebaseInitProvider"
64-->[com.google.firebase:firebase-common:16.0.3] AndroidManifest.xml:11:13-77
65            android:authorities="ru.worldskills.nnapp.firebaseinitprovider"
65-->[com.google.firebase:firebase-common:16.0.3] AndroidManifest.xml:12:13-72
66            android:exported="false"
66-->[com.google.firebase:firebase-common:16.0.3] AndroidManifest.xml:13:13-37
67            android:initOrder="100" />
67-->[com.google.firebase:firebase-common:16.0.3] AndroidManifest.xml:14:13-36
68
69        <meta-data
69-->[com.google.android.gms:play-services-basement:16.1.0] AndroidManifest.xml:23:9-25:69
70            android:name="com.google.android.gms.version"
70-->[com.google.android.gms:play-services-basement:16.1.0] AndroidManifest.xml:24:13-58
71            android:value="@integer/google_play_services_version" />
71-->[com.google.android.gms:play-services-basement:16.1.0] AndroidManifest.xml:25:13-66
72    </application>
73
74</manifest>